<?xml version="1.0" encoding="UTF-8"?>
<testng-results skipped="0" failed="0" ignored="0" total="7" passed="7">
  <reporter-output>
  </reporter-output>
  <suite name="Test Suite" duration-ms="8771" started-at="2025-01-05T22:14:39 MST" finished-at="2025-01-05T22:14:48 MST">
    <groups>
    </groups>
    <test name="My tests" duration-ms="8771" started-at="2025-01-05T22:14:39 MST" finished-at="2025-01-05T22:14:48 MST">
      <class name="testCases.AddPropertyTests">
        <test-method status="PASS" signature="setUp()[pri:0, instance:testCases.AddPropertyTests@23faf8f2]" name="setUp" is-config="true" duration-ms="2861" started-at="2025-01-05T22:14:36 MST" finished-at="2025-01-05T22:14:39 MST">
          <reporter-output>
          </reporter-output>
        </test-method> <!-- setUp -->
        <test-method status="PASS" signature="performLogin()[pri:1, instance:testCases.AddPropertyTests@23faf8f2]" name="performLogin" duration-ms="1117" started-at="2025-01-05T22:14:39 MST" description="Test 1: Verify that the user can log in" finished-at="2025-01-05T22:14:40 MST">
          <reporter-output>
          </reporter-output>
        </test-method> <!-- performLogin -->
        <test-method status="PASS" signature="verifyPropertyCancel()[pri:2, instance:testCases.AddPropertyTests@23faf8f2]" name="verifyPropertyCancel" duration-ms="897" started-at="2025-01-05T22:14:40 MST" description="Test 2: Verify that the user can cancel property creation" finished-at="2025-01-05T22:14:41 MST">
          <reporter-output>
          </reporter-output>
        </test-method> <!-- verifyPropertyCancel -->
        <test-method status="PASS" signature="verifyAddProperty()[pri:3, instance:testCases.AddPropertyTests@23faf8f2]" name="verifyAddProperty" duration-ms="802" started-at="2025-01-05T22:14:41 MST" description="Test 3: Verify that the user can create a new property" finished-at="2025-01-05T22:14:42 MST">
          <reporter-output>
          </reporter-output>
        </test-method> <!-- verifyAddProperty -->
        <test-method status="PASS" signature="verifyNewPropertyCreated()[pri:4, instance:testCases.AddPropertyTests@23faf8f2]" name="verifyNewPropertyCreated" duration-ms="567" started-at="2025-01-05T22:14:42 MST" description="Test 4: Verify that the user can view the newly created property" finished-at="2025-01-05T22:14:43 MST">
          <reporter-output>
          </reporter-output>
        </test-method> <!-- verifyNewPropertyCreated -->
        <test-method status="PASS" signature="verifyEditProperty()[pri:5, instance:testCases.AddPropertyTests@23faf8f2]" name="verifyEditProperty" duration-ms="4532" started-at="2025-01-05T22:14:43 MST" description="Test 5: Verify that the user can edit the property" finished-at="2025-01-05T22:14:47 MST">
          <reporter-output>
          </reporter-output>
        </test-method> <!-- verifyEditProperty -->
        <test-method status="PASS" signature="verifyDeleteProperty()[pri:6, instance:testCases.AddPropertyTests@23faf8f2]" name="verifyDeleteProperty" duration-ms="600" started-at="2025-01-05T22:14:47 MST" description="Test 6: Verify that the user can delete the property" finished-at="2025-01-05T22:14:48 MST">
          <reporter-output>
          </reporter-output>
        </test-method> <!-- verifyDeleteProperty -->
        <test-method status="PASS" signature="verifyLogout()[pri:7, instance:testCases.AddPropertyTests@23faf8f2]" name="verifyLogout" duration-ms="219" started-at="2025-01-05T22:14:48 MST" description="Test 7: Verify that the user can log out" finished-at="2025-01-05T22:14:48 MST">
          <reporter-output>
          </reporter-output>
        </test-method> <!-- verifyLogout -->
        <test-method status="PASS" signature="tearDown()[pri:0, instance:testCases.AddPropertyTests@23faf8f2]" name="tearDown" is-config="true" duration-ms="197" started-at="2025-01-05T22:14:48 MST" finished-at="2025-01-05T22:14:48 MST">
          <reporter-output>
          </reporter-output>
        </test-method> <!-- tearDown -->
      </class> <!-- testCases.AddPropertyTests -->
    </test> <!-- My tests -->
  </suite> <!-- Test Suite -->
</testng-results>
